<?xml version="1.0" encoding="UTF-8"?>
<coverage generated="1478471825395" clover="3.2.0">
  <project timestamp="1478471825395" name="All files">
    <metrics statements="17" coveredstatements="15" conditionals="4" coveredconditionals="3" methods="11" coveredmethods="9" elements="32" coveredelements="27" complexity="0" loc="17" ncloc="17" packages="4" files="6" classes="6">
      <package name="actions">
        <metrics statements="1" coveredstatements="1" conditionals="0" coveredconditionals="0" methods="1" coveredmethods="1"/>
        <file name="index.js" path="C:\Users\viclon\Desktop\projects\react-redux-boilerplate\src\js\actions\index.js">
          <metrics statements="1" coveredstatements="1" conditionals="0" coveredconditionals="0" methods="1" coveredmethods="1"/>
          <line num="5" count="1" type="stmt"/>
        </file>
      </package>
      <package name="components">
        <metrics statements="1" coveredstatements="1" conditionals="0" coveredconditionals="0" methods="1" coveredmethods="1"/>
        <file name="app.js" path="C:\Users\viclon\Desktop\projects\react-redux-boilerplate\src\js\components\app.js">
          <metrics statements="1" coveredstatements="1" conditionals="0" coveredconditionals="0" methods="1" coveredmethods="1"/>
          <line num="12" count="1" type="stmt"/>
        </file>
      </package>
      <package name="containers">
        <metrics statements="11" coveredstatements="9" conditionals="2" coveredconditionals="2" methods="7" coveredmethods="5"/>
        <file name="item-details.js" path="C:\Users\viclon\Desktop\projects\react-redux-boilerplate\src\js\containers\item-details.js">
          <metrics statements="6" coveredstatements="5" conditionals="2" coveredconditionals="2" methods="2" coveredmethods="1"/>
          <line num="4" count="2" type="stmt"/>
          <line num="5" count="2" type="stmt"/>
          <line num="6" count="1" type="stmt"/>
          <line num="8" count="1" type="stmt"/>
          <line num="9" count="1" type="stmt"/>
          <line num="20" count="0" type="stmt"/>
        </file>
        <file name="items-list.js" path="C:\Users\viclon\Desktop\projects\react-redux-boilerplate\src\js\containers\items-list.js">
          <metrics statements="5" coveredstatements="4" conditionals="0" coveredconditionals="0" methods="5" coveredmethods="4"/>
          <line num="8" count="2" type="stmt"/>
          <line num="9" count="6" type="stmt"/>
          <line num="12" count="3" type="stmt"/>
          <line num="23" count="2" type="stmt"/>
          <line num="33" count="0" type="stmt"/>
        </file>
      </package>
      <package name="reducers">
        <metrics statements="4" coveredstatements="4" conditionals="2" coveredconditionals="1" methods="2" coveredmethods="2"/>
        <file name="reducer_active_item.js" path="C:\Users\viclon\Desktop\projects\react-redux-boilerplate\src\js\reducers\reducer_active_item.js">
          <metrics statements="3" coveredstatements="3" conditionals="2" coveredconditionals="1" methods="1" coveredmethods="1"/>
          <line num="3" count="2" type="stmt"/>
          <line num="5" count="1" type="stmt"/>
          <line num="7" count="1" type="stmt"/>
        </file>
        <file name="reducer_list.js" path="C:\Users\viclon\Desktop\projects\react-redux-boilerplate\src\js\reducers\reducer_list.js">
          <metrics statements="1" coveredstatements="1" conditionals="0" coveredconditionals="0" methods="1" coveredmethods="1"/>
          <line num="2" count="1" type="stmt"/>
        </file>
      </package>
    </metrics>
  </project>
</coverage>
