{"C:\\Users\\viclon\\Desktop\\projects\\react-redux-boilerplate\\src\\js\\actions\\index.js": {"path":"C:\\Users\\viclon\\Desktop\\projects\\react-redux-boilerplate\\src\\js\\actions\\index.js","statementMap":{"0":{"start":{"line":5,"column":4},"end":{"line":8,"column":6}}},"fnMap":{"0":{"name":"selectItem","decl":{"start":{"line":1,"column":16},"end":{"line":1,"column":26}},"loc":{"start":{"line":1,"column":33},"end":{"line":9,"column":1}}}},"branchMap":{},"s":{"0":1},"f":{"0":1},"b":{},"_coverageSchema":"332fd63041d2c1bcb487cc26dd0d5f7d97098a6c","hash":"bc37cd31dfd4762c2c4ad1174d3931bff79b0aa1"}
,"C:\\Users\\viclon\\Desktop\\projects\\react-redux-boilerplate\\src\\js\\components\\app.js": {"path":"C:\\Users\\viclon\\Desktop\\projects\\react-redux-boilerplate\\src\\js\\components\\app.js","statementMap":{"0":{"start":{"line":12,"column":4},"end":{"line":19,"column":6}}},"fnMap":{"0":{"name":"(anonymous_0)","decl":{"start":{"line":11,"column":2},"end":{"line":11,"column":3}},"loc":{"start":{"line":11,"column":11},"end":{"line":20,"column":3}}}},"branchMap":{},"s":{"0":1},"f":{"0":1},"b":{},"_coverageSchema":"332fd63041d2c1bcb487cc26dd0d5f7d97098a6c","hash":"20999e90124479ae983c625e333e5579eaea5004"}
,"C:\\Users\\viclon\\Desktop\\projects\\react-redux-boilerplate\\src\\js\\containers\\item-details.js": {"path":"C:\\Users\\viclon\\Desktop\\projects\\react-redux-boilerplate\\src\\js\\containers\\item-details.js","statementMap":{"0":{"start":{"line":4,"column":27},"end":{"line":17,"column":1}},"1":{"start":{"line":5,"column":2},"end":{"line":16,"column":3}},"2":{"start":{"line":6,"column":4},"end":{"line":6,"column":53}},"3":{"start":{"line":8,"column":26},"end":{"line":8,"column":42}},"4":{"start":{"line":9,"column":4},"end":{"line":15,"column":6}},"5":{"start":{"line":20,"column":2},"end":{"line":22,"column":4}}},"fnMap":{"0":{"name":"(anonymous_0)","decl":{"start":{"line":4,"column":27},"end":{"line":4,"column":28}},"loc":{"start":{"line":4,"column":38},"end":{"line":17,"column":1}}},"1":{"name":"mapStateToProps","decl":{"start":{"line":19,"column":9},"end":{"line":19,"column":24}},"loc":{"start":{"line":19,"column":32},"end":{"line":23,"column":1}}}},"branchMap":{"0":{"loc":{"start":{"line":5,"column":2},"end":{"line":16,"column":3}},"type":"if","locations":[{"start":{"line":5,"column":2},"end":{"line":16,"column":3}},{"start":{"line":5,"column":2},"end":{"line":16,"column":3}}]}},"s":{"0":2,"1":2,"2":1,"3":1,"4":1,"5":0},"f":{"0":2,"1":0},"b":{"0":[1,1]},"_coverageSchema":"332fd63041d2c1bcb487cc26dd0d5f7d97098a6c","hash":"6e7e780f57bb38038ebd7a8f4d371b2b5cbaa121"}
,"C:\\Users\\viclon\\Desktop\\projects\\react-redux-boilerplate\\src\\js\\containers\\items-list.js": {"path":"C:\\Users\\viclon\\Desktop\\projects\\react-redux-boilerplate\\src\\js\\containers\\items-list.js","statementMap":{"0":{"start":{"line":8,"column":4},"end":{"line":18,"column":7}},"1":{"start":{"line":9,"column":8},"end":{"line":17,"column":10}},"2":{"start":{"line":12,"column":27},"end":{"line":12,"column":54}},"3":{"start":{"line":23,"column":4},"end":{"line":27,"column":6}},"4":{"start":{"line":33,"column":2},"end":{"line":35,"column":4}}},"fnMap":{"0":{"name":"(anonymous_0)","decl":{"start":{"line":7,"column":15},"end":{"line":7,"column":16}},"loc":{"start":{"line":7,"column":21},"end":{"line":20,"column":3}}},"1":{"name":"(anonymous_1)","decl":{"start":{"line":8,"column":32},"end":{"line":8,"column":33}},"loc":{"start":{"line":8,"column":42},"end":{"line":18,"column":5}}},"2":{"name":"(anonymous_2)","decl":{"start":{"line":12,"column":21},"end":{"line":12,"column":22}},"loc":{"start":{"line":12,"column":27},"end":{"line":12,"column":54}}},"3":{"name":"(anonymous_3)","decl":{"start":{"line":22,"column":11},"end":{"line":22,"column":12}},"loc":{"start":{"line":22,"column":17},"end":{"line":28,"column":3}}},"4":{"name":"mapStateToProps","decl":{"start":{"line":32,"column":9},"end":{"line":32,"column":24}},"loc":{"start":{"line":32,"column":32},"end":{"line":36,"column":1}}}},"branchMap":{},"s":{"0":2,"1":6,"2":3,"3":2,"4":0},"f":{"0":2,"1":6,"2":3,"3":2,"4":0},"b":{},"_coverageSchema":"332fd63041d2c1bcb487cc26dd0d5f7d97098a6c","hash":"47d6d504c7c16fad41045ca15c3ee8bcb0769192"}
,"C:\\Users\\viclon\\Desktop\\projects\\react-redux-boilerplate\\src\\js\\reducers\\reducer_active_item.js": {"path":"C:\\Users\\viclon\\Desktop\\projects\\react-redux-boilerplate\\src\\js\\reducers\\reducer_active_item.js","statementMap":{"0":{"start":{"line":3,"column":2},"end":{"line":6,"column":3}},"1":{"start":{"line":5,"column":6},"end":{"line":5,"column":39}},"2":{"start":{"line":7,"column":2},"end":{"line":7,"column":14}}},"fnMap":{"0":{"name":"(anonymous_0)","decl":{"start":{"line":2,"column":15},"end":{"line":2,"column":16}},"loc":{"start":{"line":2,"column":46},"end":{"line":8,"column":1}}}},"branchMap":{"0":{"loc":{"start":{"line":2,"column":25},"end":{"line":2,"column":36}},"type":"default-arg","locations":[{"start":{"line":2,"column":32},"end":{"line":2,"column":36}}]},"1":{"loc":{"start":{"line":3,"column":2},"end":{"line":6,"column":3}},"type":"switch","locations":[{"start":{"line":4,"column":4},"end":{"line":5,"column":39}}]}},"s":{"0":2,"1":1,"2":1},"f":{"0":2},"b":{"0":[0],"1":[1]},"_coverageSchema":"332fd63041d2c1bcb487cc26dd0d5f7d97098a6c","hash":"5ae22832986a443eb2675543c6c7fab5ec1ce533"}
,"C:\\Users\\viclon\\Desktop\\projects\\react-redux-boilerplate\\src\\js\\reducers\\reducer_list.js": {"path":"C:\\Users\\viclon\\Desktop\\projects\\react-redux-boilerplate\\src\\js\\reducers\\reducer_list.js","statementMap":{"0":{"start":{"line":2,"column":2},"end":{"line":6,"column":3}}},"fnMap":{"0":{"name":"(anonymous_0)","decl":{"start":{"line":1,"column":15},"end":{"line":1,"column":16}},"loc":{"start":{"line":1,"column":26},"end":{"line":7,"column":1}}}},"branchMap":{},"s":{"0":1},"f":{"0":1},"b":{},"_coverageSchema":"332fd63041d2c1bcb487cc26dd0d5f7d97098a6c","hash":"391b7bb681a3b44179d47cd2a79c0fba9edbcb6a"}
}
