TN:
SF:C:\Users\viclon\Desktop\projects\react-redux-boilerplate\src\js\actions\index.js
FN:1,selectItem
FNF:1
FNH:1
FNDA:1,selectItem
DA:5,1
LF:1
LH:1
BRF:0
BRH:0
end_of_record
TN:
SF:C:\Users\viclon\Desktop\projects\react-redux-boilerplate\src\js\components\app.js
FN:11,(anonymous_0)
FNF:1
FNH:1
FNDA:1,(anonymous_0)
DA:12,1
LF:1
LH:1
BRF:0
BRH:0
end_of_record
TN:
SF:C:\Users\viclon\Desktop\projects\react-redux-boilerplate\src\js\containers\item-details.js
FN:4,(anonymous_0)
FN:19,mapStateToProps
FNF:2
FNH:1
FNDA:2,(anonymous_0)
FNDA:0,mapStateToProps
DA:4,2
DA:5,2
DA:6,1
DA:8,1
DA:9,1
DA:20,0
LF:6
LH:5
BRDA:5,0,0,1
BRDA:5,0,1,1
BRF:2
BRH:2
end_of_record
TN:
SF:C:\Users\viclon\Desktop\projects\react-redux-boilerplate\src\js\containers\items-list.js
FN:7,(anonymous_0)
FN:8,(anonymous_1)
FN:12,(anonymous_2)
FN:22,(anonymous_3)
FN:32,mapStateToProps
FNF:5
FNH:4
FNDA:2,(anonymous_0)
FNDA:6,(anonymous_1)
FNDA:3,(anonymous_2)
FNDA:2,(anonymous_3)
FNDA:0,mapStateToProps
DA:8,2
DA:9,6
DA:12,3
DA:23,2
DA:33,0
LF:5
LH:4
BRF:0
BRH:0
end_of_record
TN:
SF:C:\Users\viclon\Desktop\projects\react-redux-boilerplate\src\js\reducers\reducer_active_item.js
FN:2,(anonymous_0)
FNF:1
FNH:1
FNDA:2,(anonymous_0)
DA:3,2
DA:5,1
DA:7,1
LF:3
LH:3
BRDA:2,0,0,0
BRDA:3,1,0,1
BRF:2
BRH:1
end_of_record
TN:
SF:C:\Users\viclon\Desktop\projects\react-redux-boilerplate\src\js\reducers\reducer_list.js
FN:1,(anonymous_0)
FNF:1
FNH:1
FNDA:1,(anonymous_0)
DA:2,1
LF:1
LH:1
BRF:0
BRH:0
end_of_record
